<?xml version="1.0" encoding="UTF-8"?>
<!-- Generated by org.testng.reporters.JUnitXMLReporter -->
<testsuite ignored="0" hostname="LAPTOP-1CD8ER7O" failures="0" tests="4" name="TestRunner1" time="22.475" errors="0" timestamp="2023-09-11T19:16:22 IST">
  <testcase classname="testNG.LaernToReadTheDataByUsingDataProviderAnnotation_InDiffClass" name="myFirstDataReadingFromDataProviderInDiffClass" time="8.26"/>
  <testcase classname="testNG.LaernToReadTheDataByUsingDataProviderAnnotation_InDiffClass" name="myFirstDataReadingFromDataProviderInDiffClass" time="4.844"/>
  <testcase classname="testNG.LearnToReadTheDataByUsing_DataProviderAnotaion_InSameClass" name="myFirstDataReadingInSameClass" time="4.828"/>
  <testcase classname="testNG.LearnToReadTheDataByUsing_DataProviderAnotaion_InSameClass" name="myFirstDataReadingInSameClass" time="4.495"/>
</testsuite> <!-- TestRunner1 -->
