<?xml version="1.0" encoding="UTF-8"?>
<testng-results ignored="0" total="1" passed="1" failed="0" skipped="0">
  <reporter-output>
  </reporter-output>
  <suite started-at="2024-01-23T21:38:19 IST" name="Default suite" finished-at="2024-01-23T21:38:30 IST" duration-ms="11464">
    <groups>
    </groups>
    <test started-at="2024-01-23T21:38:19 IST" name="Default test" finished-at="2024-01-23T21:38:30 IST" duration-ms="11464">
      <class name="cookies.HandleCookiesFlipkart">
        <test-method signature="HnadleCookies()[pri:0, instance:cookies.HandleCookiesFlipkart@3270d194]" started-at="2024-01-23T21:38:19 IST" name="HnadleCookies" finished-at="2024-01-23T21:38:30 IST" duration-ms="11359" status="PASS">
          <reporter-output>
          </reporter-output>
        </test-method> <!-- HnadleCookies -->
      </class> <!-- cookies.HandleCookiesFlipkart -->
    </test> <!-- Default test -->
  </suite> <!-- Default suite -->
</testng-results>
